
Gurobi 13.0.0 (win64) logging started Sat Nov 29 17:35:25 2025

Set parameter LogFile to value "Question2/exercise_lec4/keypath_pmf/KeypathExercise.log"
Gurobi Optimizer version 13.0.0 build v13.0.0rc1 (win64 - Windows 10.0 (19045.2))

CPU model: 11th Gen Intel(R) Core(TM) i5-1135G7 @ 2.40GHz, instruction set [SSE2|AVX|AVX2|AVX512]
Thread count: 4 physical cores, 8 logical processors, using up to 8 threads

Optimize a model with 25 rows, 210 columns and 515 nonzeros (Min)
Model fingerprint: 0x5566cd74
Model has 210 linear objective coefficients
Variable types: 0 continuous, 210 integer (0 binary)
Coefficient statistics:
  Matrix range     [1e-01, 1e+00]
  Objective range  [5e+01, 2e+02]
  Bounds range     [0e+00, 0e+00]
  RHS range        [8e+00, 2e+02]
Found heuristic solution: objective 49620.000000
Presolve removed 7 rows and 181 columns
Presolve time: 0.00s
Presolved: 18 rows, 29 columns, 81 nonzeros
Found heuristic solution: objective 45568.000000
Variable types: 0 continuous, 29 integer (0 binary)
Found heuristic solution: objective 45488.000000

Root relaxation: objective 4.500600e+04, 7 iterations, 0.00 seconds (0.00 work units)

    Nodes    |    Current Node    |     Objective Bounds      |     Work
 Expl Unexpl |  Obj  Depth IntInf | Incumbent    BestBd   Gap | It/Node Time

     0     0 45006.0000    0    2 45488.0000 45006.0000  1.06%     -    0s
H    0     0                    45082.000000 45006.0000  0.17%     -    0s
H    0     0                    45072.000000 45006.0000  0.15%     -    0s
H    0     0                    45062.000000 45006.0000  0.12%     -    0s
H    0     0                    45026.000000 45006.0000  0.04%     -    0s
H    0     0                    45016.000000 45006.0000  0.02%     -    0s
*    0     0               0    45006.000000 45006.0000  0.00%     -    0s

Cutting planes:
  Gomory: 2

Explored 1 nodes (8 simplex iterations) in 0.02 seconds (0.00 work units)
Thread count was 8 (of 8 available processors)

Solution count 9: 45006 45016 45026 ... 49620

Optimal solution found (tolerance 1.00e-04)
Best objective 4.500600000000e+04, best bound 4.500600000000e+04, gap 0.0000%

Gurobi 13.0.0 (win64) logging started Sat Nov 29 20:07:58 2025

Set parameter LogFile to value "Question2/exercise_lec4/keypath_pmf/KeypathExercise.log"
Set parameter TimeLimit to value 60
Gurobi Optimizer version 13.0.0 build v13.0.0rc1 (win64 - Windows 10.0 (19045.2))

CPU model: 11th Gen Intel(R) Core(TM) i5-1135G7 @ 2.40GHz, instruction set [SSE2|AVX|AVX2|AVX512]
Thread count: 4 physical cores, 8 logical processors, using up to 8 threads

Non-default parameters:
TimeLimit  60

Optimize a model with 25 rows, 210 columns and 515 nonzeros (Min)
Model fingerprint: 0x5566cd74
Model has 210 linear objective coefficients
Variable types: 0 continuous, 210 integer (0 binary)
Coefficient statistics:
  Matrix range     [1e-01, 1e+00]
  Objective range  [5e+01, 2e+02]
  Bounds range     [0e+00, 0e+00]
  RHS range        [8e+00, 2e+02]
Found heuristic solution: objective 49620.000000
Presolve removed 7 rows and 181 columns
Presolve time: 0.00s
Presolved: 18 rows, 29 columns, 81 nonzeros
Found heuristic solution: objective 45568.000000
Variable types: 0 continuous, 29 integer (0 binary)
Found heuristic solution: objective 45488.000000

Root relaxation: objective 4.500600e+04, 7 iterations, 0.00 seconds (0.00 work units)

    Nodes    |    Current Node    |     Objective Bounds      |     Work
 Expl Unexpl |  Obj  Depth IntInf | Incumbent    BestBd   Gap | It/Node Time

     0     0 45006.0000    0    2 45488.0000 45006.0000  1.06%     -    0s
H    0     0                    45082.000000 45006.0000  0.17%     -    0s
H    0     0                    45072.000000 45006.0000  0.15%     -    0s
H    0     0                    45062.000000 45006.0000  0.12%     -    0s
H    0     0                    45026.000000 45006.0000  0.04%     -    0s
H    0     0                    45016.000000 45006.0000  0.02%     -    0s
*    0     0               0    45006.000000 45006.0000  0.00%     -    0s

Cutting planes:
  Gomory: 2

Explored 1 nodes (8 simplex iterations) in 0.02 seconds (0.00 work units)
Thread count was 8 (of 8 available processors)

Solution count 9: 45006 45016 45026 ... 49620

Optimal solution found (tolerance 1.00e-04)
Best objective 4.500600000000e+04, best bound 4.500600000000e+04, gap 0.0000%

Gurobi 13.0.0 (win64) logging started Sat Nov 29 20:16:34 2025

Set parameter LogFile to value "Question2/exercise_lec4/keypath_pmf/KeypathExercise.log"
Set parameter TimeLimit to value 60
Gurobi Optimizer version 13.0.0 build v13.0.0rc1 (win64 - Windows 10.0 (19045.2))

CPU model: 11th Gen Intel(R) Core(TM) i5-1135G7 @ 2.40GHz, instruction set [SSE2|AVX|AVX2|AVX512]
Thread count: 4 physical cores, 8 logical processors, using up to 8 threads

Non-default parameters:
TimeLimit  60

Optimize a model with 25 rows, 210 columns and 515 nonzeros (Min)
Model fingerprint: 0x5566cd74
Model has 210 linear objective coefficients
Variable types: 0 continuous, 210 integer (0 binary)
Coefficient statistics:
  Matrix range     [1e-01, 1e+00]
  Objective range  [5e+01, 2e+02]
  Bounds range     [0e+00, 0e+00]
  RHS range        [8e+00, 2e+02]
Found heuristic solution: objective 49620.000000
Presolve removed 7 rows and 181 columns
Presolve time: 0.00s
Presolved: 18 rows, 29 columns, 81 nonzeros
Found heuristic solution: objective 45568.000000
Variable types: 0 continuous, 29 integer (0 binary)
Found heuristic solution: objective 45488.000000

Root relaxation: objective 4.500600e+04, 7 iterations, 0.00 seconds (0.00 work units)

    Nodes    |    Current Node    |     Objective Bounds      |     Work
 Expl Unexpl |  Obj  Depth IntInf | Incumbent    BestBd   Gap | It/Node Time

     0     0 45006.0000    0    2 45488.0000 45006.0000  1.06%     -    0s
H    0     0                    45082.000000 45006.0000  0.17%     -    0s
H    0     0                    45072.000000 45006.0000  0.15%     -    0s
H    0     0                    45062.000000 45006.0000  0.12%     -    0s
H    0     0                    45026.000000 45006.0000  0.04%     -    0s
H    0     0                    45016.000000 45006.0000  0.02%     -    0s
*    0     0               0    45006.000000 45006.0000  0.00%     -    0s

Cutting planes:
  Gomory: 2

Explored 1 nodes (8 simplex iterations) in 0.02 seconds (0.00 work units)
Thread count was 8 (of 8 available processors)

Solution count 9: 45006 45016 45026 ... 49620

Optimal solution found (tolerance 1.00e-04)
Best objective 4.500600000000e+04, best bound 4.500600000000e+04, gap 0.0000%

Gurobi 13.0.0 (win64) logging started Sat Nov 29 20:18:03 2025

Set parameter LogFile to value "Question2/exercise_lec4/keypath_pmf/KeypathExercise.log"
Set parameter TimeLimit to value 60
Gurobi Optimizer version 13.0.0 build v13.0.0rc1 (win64 - Windows 10.0 (19045.2))

CPU model: 11th Gen Intel(R) Core(TM) i5-1135G7 @ 2.40GHz, instruction set [SSE2|AVX|AVX2|AVX512]
Thread count: 4 physical cores, 8 logical processors, using up to 8 threads

Non-default parameters:
TimeLimit  60

Optimize a model with 25 rows, 210 columns and 515 nonzeros (Min)
Model fingerprint: 0x5566cd74
Model has 210 linear objective coefficients
Variable types: 0 continuous, 210 integer (0 binary)
Coefficient statistics:
  Matrix range     [1e-01, 1e+00]
  Objective range  [5e+01, 2e+02]
  Bounds range     [0e+00, 0e+00]
  RHS range        [8e+00, 2e+02]
Found heuristic solution: objective 49620.000000
Presolve removed 7 rows and 181 columns
Presolve time: 0.00s
Presolved: 18 rows, 29 columns, 81 nonzeros
Found heuristic solution: objective 45568.000000
Variable types: 0 continuous, 29 integer (0 binary)
Found heuristic solution: objective 45488.000000

Root relaxation: objective 4.500600e+04, 7 iterations, 0.00 seconds (0.00 work units)

    Nodes    |    Current Node    |     Objective Bounds      |     Work
 Expl Unexpl |  Obj  Depth IntInf | Incumbent    BestBd   Gap | It/Node Time

     0     0 45006.0000    0    2 45488.0000 45006.0000  1.06%     -    0s
H    0     0                    45082.000000 45006.0000  0.17%     -    0s
H    0     0                    45072.000000 45006.0000  0.15%     -    0s
H    0     0                    45062.000000 45006.0000  0.12%     -    0s
H    0     0                    45026.000000 45006.0000  0.04%     -    0s
H    0     0                    45016.000000 45006.0000  0.02%     -    0s
*    0     0               0    45006.000000 45006.0000  0.00%     -    0s

Cutting planes:
  Gomory: 2

Explored 1 nodes (8 simplex iterations) in 0.02 seconds (0.00 work units)
Thread count was 8 (of 8 available processors)

Solution count 9: 45006 45016 45026 ... 49620

Optimal solution found (tolerance 1.00e-04)
Best objective 4.500600000000e+04, best bound 4.500600000000e+04, gap 0.0000%

Gurobi 13.0.0 (win64) logging started Sat Nov 29 20:34:52 2025

Set parameter LogFile to value "Question2/exercise_lec4/keypath_pmf/KeypathExercise.log"
Set parameter TimeLimit to value 60
Gurobi Optimizer version 13.0.0 build v13.0.0rc1 (win64 - Windows 10.0 (19045.2))

CPU model: 11th Gen Intel(R) Core(TM) i5-1135G7 @ 2.40GHz, instruction set [SSE2|AVX|AVX2|AVX512]
Thread count: 4 physical cores, 8 logical processors, using up to 8 threads

Non-default parameters:
TimeLimit  60

Optimize a model with 25 rows, 210 columns and 509 nonzeros (Min)
Model fingerprint: 0x1d95eaaa
Model has 210 linear objective coefficients
Variable types: 0 continuous, 210 integer (0 binary)
Coefficient statistics:
  Matrix range     [1e-01, 1e+00]
  Objective range  [5e+01, 2e+02]
  Bounds range     [0e+00, 0e+00]
  RHS range        [8e+00, 2e+02]
Found heuristic solution: objective 47420.000000
Presolve removed 20 rows and 202 columns
Presolve time: 0.00s
Presolved: 5 rows, 8 columns, 17 nonzeros
Found heuristic solution: objective 42386.000000
Variable types: 0 continuous, 8 integer (0 binary)

Root relaxation: objective 4.213000e+04, 4 iterations, 0.00 seconds (0.00 work units)

    Nodes    |    Current Node    |     Objective Bounds      |     Work
 Expl Unexpl |  Obj  Depth IntInf | Incumbent    BestBd   Gap | It/Node Time

     0     0 42130.0000    0    1 42386.0000 42130.0000  0.60%     -    0s
H    0     0                    42239.000000 42130.0000  0.26%     -    0s
H    0     0                    42191.000000 42130.0000  0.14%     -    0s
H    0     0                    42146.000000 42130.0000  0.04%     -    0s
     0     0 42141.2000    0    1 42146.0000 42141.2000  0.01%     -    0s

Cutting planes:
  MIR: 1

Explored 1 nodes (5 simplex iterations) in 0.02 seconds (0.00 work units)
Thread count was 8 (of 8 available processors)

Solution count 5: 42146 42191 42239 ... 47420

Optimal solution found (tolerance 1.00e-04)
Best objective 4.214600000000e+04, best bound 4.214200000000e+04, gap 0.0095%

Gurobi 13.0.0 (win64) logging started Sat Nov 29 20:35:12 2025

Set parameter LogFile to value "Question2/exercise_lec4/keypath_pmf/KeypathExercise.log"
Set parameter TimeLimit to value 60
Gurobi Optimizer version 13.0.0 build v13.0.0rc1 (win64 - Windows 10.0 (19045.2))

CPU model: 11th Gen Intel(R) Core(TM) i5-1135G7 @ 2.40GHz, instruction set [SSE2|AVX|AVX2|AVX512]
Thread count: 4 physical cores, 8 logical processors, using up to 8 threads

Non-default parameters:
TimeLimit  60

Optimize a model with 25 rows, 210 columns and 515 nonzeros (Min)
Model fingerprint: 0x5566cd74
Model has 210 linear objective coefficients
Variable types: 0 continuous, 210 integer (0 binary)
Coefficient statistics:
  Matrix range     [1e-01, 1e+00]
  Objective range  [5e+01, 2e+02]
  Bounds range     [0e+00, 0e+00]
  RHS range        [8e+00, 2e+02]
Found heuristic solution: objective 49620.000000
Presolve removed 7 rows and 181 columns
Presolve time: 0.00s
Presolved: 18 rows, 29 columns, 81 nonzeros
Found heuristic solution: objective 45568.000000
Variable types: 0 continuous, 29 integer (0 binary)
Found heuristic solution: objective 45488.000000

Root relaxation: objective 4.500600e+04, 7 iterations, 0.00 seconds (0.00 work units)

    Nodes    |    Current Node    |     Objective Bounds      |     Work
 Expl Unexpl |  Obj  Depth IntInf | Incumbent    BestBd   Gap | It/Node Time

     0     0 45006.0000    0    2 45488.0000 45006.0000  1.06%     -    0s
H    0     0                    45082.000000 45006.0000  0.17%     -    0s
H    0     0                    45072.000000 45006.0000  0.15%     -    0s
H    0     0                    45062.000000 45006.0000  0.12%     -    0s
H    0     0                    45026.000000 45006.0000  0.04%     -    0s
H    0     0                    45016.000000 45006.0000  0.02%     -    0s
*    0     0               0    45006.000000 45006.0000  0.00%     -    0s

Cutting planes:
  Gomory: 2

Explored 1 nodes (8 simplex iterations) in 0.02 seconds (0.00 work units)
Thread count was 8 (of 8 available processors)

Solution count 9: 45006 45016 45026 ... 49620

Optimal solution found (tolerance 1.00e-04)
Best objective 4.500600000000e+04, best bound 4.500600000000e+04, gap 0.0000%

Gurobi 13.0.0 (win64) logging started Sat Nov 29 20:36:20 2025

Set parameter LogFile to value "Question2/exercise_lec4/keypath_pmf/KeypathExercise.log"
Set parameter TimeLimit to value 60
Gurobi Optimizer version 13.0.0 build v13.0.0rc1 (win64 - Windows 10.0 (19045.2))

CPU model: 11th Gen Intel(R) Core(TM) i5-1135G7 @ 2.40GHz, instruction set [SSE2|AVX|AVX2|AVX512]
Thread count: 4 physical cores, 8 logical processors, using up to 8 threads

Non-default parameters:
TimeLimit  60

Optimize a model with 25 rows, 210 columns and 515 nonzeros (Min)
Model fingerprint: 0x5566cd74
Model has 210 linear objective coefficients
Variable types: 0 continuous, 210 integer (0 binary)
Coefficient statistics:
  Matrix range     [1e-01, 1e+00]
  Objective range  [5e+01, 2e+02]
  Bounds range     [0e+00, 0e+00]
  RHS range        [8e+00, 2e+02]
Found heuristic solution: objective 49620.000000
Presolve removed 7 rows and 181 columns
Presolve time: 0.00s
Presolved: 18 rows, 29 columns, 81 nonzeros
Found heuristic solution: objective 45568.000000
Variable types: 0 continuous, 29 integer (0 binary)
Found heuristic solution: objective 45488.000000

Root relaxation: objective 4.500600e+04, 7 iterations, 0.00 seconds (0.00 work units)

    Nodes    |    Current Node    |     Objective Bounds      |     Work
 Expl Unexpl |  Obj  Depth IntInf | Incumbent    BestBd   Gap | It/Node Time

     0     0 45006.0000    0    2 45488.0000 45006.0000  1.06%     -    0s
H    0     0                    45082.000000 45006.0000  0.17%     -    0s
H    0     0                    45072.000000 45006.0000  0.15%     -    0s
H    0     0                    45062.000000 45006.0000  0.12%     -    0s
H    0     0                    45026.000000 45006.0000  0.04%     -    0s
H    0     0                    45016.000000 45006.0000  0.02%     -    0s
*    0     0               0    45006.000000 45006.0000  0.00%     -    0s

Cutting planes:
  Gomory: 2

Explored 1 nodes (8 simplex iterations) in 0.02 seconds (0.00 work units)
Thread count was 8 (of 8 available processors)

Solution count 9: 45006 45016 45026 ... 49620

Optimal solution found (tolerance 1.00e-04)
Best objective 4.500600000000e+04, best bound 4.500600000000e+04, gap 0.0000%

Gurobi 13.0.0 (win64) logging started Sat Nov 29 22:54:34 2025

Set parameter LogFile to value "Question2/exercise_lec4/keypath_pmf/KeypathExercise.log"
Set parameter TimeLimit to value 60
Gurobi Optimizer version 13.0.0 build v13.0.0rc1 (win64 - Windows 10.0 (19045.2))

CPU model: 11th Gen Intel(R) Core(TM) i5-1135G7 @ 2.40GHz, instruction set [SSE2|AVX|AVX2|AVX512]
Thread count: 4 physical cores, 8 logical processors, using up to 8 threads

Non-default parameters:
TimeLimit  60

Optimize a model with 25 rows, 210 columns and 515 nonzeros (Min)
Model fingerprint: 0x5566cd74
Model has 210 linear objective coefficients
Variable types: 0 continuous, 210 integer (0 binary)
Coefficient statistics:
  Matrix range     [1e-01, 1e+00]
  Objective range  [5e+01, 2e+02]
  Bounds range     [0e+00, 0e+00]
  RHS range        [8e+00, 2e+02]
Found heuristic solution: objective 49620.000000
Presolve removed 7 rows and 181 columns
Presolve time: 0.02s
Presolved: 18 rows, 29 columns, 81 nonzeros
Found heuristic solution: objective 45568.000000
Variable types: 0 continuous, 29 integer (0 binary)
Found heuristic solution: objective 45488.000000

Root relaxation: objective 4.500600e+04, 7 iterations, 0.00 seconds (0.00 work units)

    Nodes    |    Current Node    |     Objective Bounds      |     Work
 Expl Unexpl |  Obj  Depth IntInf | Incumbent    BestBd   Gap | It/Node Time

     0     0 45006.0000    0    2 45488.0000 45006.0000  1.06%     -    0s
H    0     0                    45082.000000 45006.0000  0.17%     -    0s
H    0     0                    45072.000000 45006.0000  0.15%     -    0s
H    0     0                    45062.000000 45006.0000  0.12%     -    0s
H    0     0                    45026.000000 45006.0000  0.04%     -    0s
H    0     0                    45016.000000 45006.0000  0.02%     -    0s
*    0     0               0    45006.000000 45006.0000  0.00%     -    0s

Cutting planes:
  Gomory: 2

Explored 1 nodes (8 simplex iterations) in 0.07 seconds (0.00 work units)
Thread count was 8 (of 8 available processors)

Solution count 9: 45006 45016 45026 ... 49620

Optimal solution found (tolerance 1.00e-04)
Best objective 4.500600000000e+04, best bound 4.500600000000e+04, gap 0.0000%

Gurobi 13.0.0 (win64) logging started Sat Nov 29 22:55:29 2025

Set parameter LogFile to value "Question2/exercise_lec4/keypath_pmf/KeypathExercise.log"
Set parameter TimeLimit to value 60
Gurobi Optimizer version 13.0.0 build v13.0.0rc1 (win64 - Windows 10.0 (19045.2))

CPU model: 11th Gen Intel(R) Core(TM) i5-1135G7 @ 2.40GHz, instruction set [SSE2|AVX|AVX2|AVX512]
Thread count: 4 physical cores, 8 logical processors, using up to 8 threads

Non-default parameters:
TimeLimit  60

Optimize a model with 25 rows, 210 columns and 515 nonzeros (Min)
Model fingerprint: 0x5566cd74
Model has 210 linear objective coefficients
Variable types: 0 continuous, 210 integer (0 binary)
Coefficient statistics:
  Matrix range     [1e-01, 1e+00]
  Objective range  [5e+01, 2e+02]
  Bounds range     [0e+00, 0e+00]
  RHS range        [8e+00, 2e+02]
Found heuristic solution: objective 49620.000000
Presolve removed 7 rows and 181 columns
Presolve time: 0.00s
Presolved: 18 rows, 29 columns, 81 nonzeros
Found heuristic solution: objective 45568.000000
Variable types: 0 continuous, 29 integer (0 binary)
Found heuristic solution: objective 45488.000000

Root relaxation: objective 4.500600e+04, 7 iterations, 0.00 seconds (0.00 work units)

    Nodes    |    Current Node    |     Objective Bounds      |     Work
 Expl Unexpl |  Obj  Depth IntInf | Incumbent    BestBd   Gap | It/Node Time

     0     0 45006.0000    0    2 45488.0000 45006.0000  1.06%     -    0s
H    0     0                    45082.000000 45006.0000  0.17%     -    0s
H    0     0                    45072.000000 45006.0000  0.15%     -    0s
H    0     0                    45062.000000 45006.0000  0.12%     -    0s
H    0     0                    45026.000000 45006.0000  0.04%     -    0s
H    0     0                    45016.000000 45006.0000  0.02%     -    0s
*    0     0               0    45006.000000 45006.0000  0.00%     -    0s

Cutting planes:
  Gomory: 2

Explored 1 nodes (8 simplex iterations) in 0.02 seconds (0.00 work units)
Thread count was 8 (of 8 available processors)

Solution count 9: 45006 45016 45026 ... 49620

Optimal solution found (tolerance 1.00e-04)
Best objective 4.500600000000e+04, best bound 4.500600000000e+04, gap 0.0000%

Gurobi 13.0.0 (win64) logging started Sat Nov 29 22:58:09 2025

Set parameter LogFile to value "Question2/exercise_lec4/keypath_pmf/KeypathExercise.log"
Set parameter TimeLimit to value 60
Gurobi Optimizer version 13.0.0 build v13.0.0rc1 (win64 - Windows 10.0 (19045.2))

CPU model: 11th Gen Intel(R) Core(TM) i5-1135G7 @ 2.40GHz, instruction set [SSE2|AVX|AVX2|AVX512]
Thread count: 4 physical cores, 8 logical processors, using up to 8 threads

Non-default parameters:
TimeLimit  60

Optimize a model with 25 rows, 210 columns and 515 nonzeros (Min)
Model fingerprint: 0x5566cd74
Model has 210 linear objective coefficients
Variable types: 0 continuous, 210 integer (0 binary)
Coefficient statistics:
  Matrix range     [1e-01, 1e+00]
  Objective range  [5e+01, 2e+02]
  Bounds range     [0e+00, 0e+00]
  RHS range        [8e+00, 2e+02]
Found heuristic solution: objective 49620.000000
Presolve removed 7 rows and 181 columns
Presolve time: 0.00s
Presolved: 18 rows, 29 columns, 81 nonzeros
Found heuristic solution: objective 45568.000000
Variable types: 0 continuous, 29 integer (0 binary)
Found heuristic solution: objective 45488.000000

Root relaxation: objective 4.500600e+04, 7 iterations, 0.00 seconds (0.00 work units)

    Nodes    |    Current Node    |     Objective Bounds      |     Work
 Expl Unexpl |  Obj  Depth IntInf | Incumbent    BestBd   Gap | It/Node Time

     0     0 45006.0000    0    2 45488.0000 45006.0000  1.06%     -    0s
H    0     0                    45082.000000 45006.0000  0.17%     -    0s
H    0     0                    45072.000000 45006.0000  0.15%     -    0s
H    0     0                    45062.000000 45006.0000  0.12%     -    0s
H    0     0                    45026.000000 45006.0000  0.04%     -    0s
H    0     0                    45016.000000 45006.0000  0.02%     -    0s
*    0     0               0    45006.000000 45006.0000  0.00%     -    0s

Cutting planes:
  Gomory: 2

Explored 1 nodes (8 simplex iterations) in 0.02 seconds (0.00 work units)
Thread count was 8 (of 8 available processors)

Solution count 9: 45006 45016 45026 ... 49620

Optimal solution found (tolerance 1.00e-04)
Best objective 4.500600000000e+04, best bound 4.500600000000e+04, gap 0.0000%

Gurobi 13.0.0 (win64) logging started Sat Nov 29 22:58:30 2025

Set parameter LogFile to value "Question2/exercise_lec4/keypath_pmf/KeypathExercise.log"
Set parameter TimeLimit to value 60
Gurobi Optimizer version 13.0.0 build v13.0.0rc1 (win64 - Windows 10.0 (19045.2))

CPU model: 11th Gen Intel(R) Core(TM) i5-1135G7 @ 2.40GHz, instruction set [SSE2|AVX|AVX2|AVX512]
Thread count: 4 physical cores, 8 logical processors, using up to 8 threads

Non-default parameters:
TimeLimit  60

Optimize a model with 25 rows, 210 columns and 515 nonzeros (Min)
Model fingerprint: 0x5566cd74
Model has 210 linear objective coefficients
Variable types: 0 continuous, 210 integer (0 binary)
Coefficient statistics:
  Matrix range     [1e-01, 1e+00]
  Objective range  [5e+01, 2e+02]
  Bounds range     [0e+00, 0e+00]
  RHS range        [8e+00, 2e+02]
Found heuristic solution: objective 49620.000000
Presolve removed 7 rows and 181 columns
Presolve time: 0.00s
Presolved: 18 rows, 29 columns, 81 nonzeros
Found heuristic solution: objective 45568.000000
Variable types: 0 continuous, 29 integer (0 binary)
Found heuristic solution: objective 45488.000000

Root relaxation: objective 4.500600e+04, 7 iterations, 0.00 seconds (0.00 work units)

    Nodes    |    Current Node    |     Objective Bounds      |     Work
 Expl Unexpl |  Obj  Depth IntInf | Incumbent    BestBd   Gap | It/Node Time

     0     0 45006.0000    0    2 45488.0000 45006.0000  1.06%     -    0s
H    0     0                    45082.000000 45006.0000  0.17%     -    0s
H    0     0                    45072.000000 45006.0000  0.15%     -    0s
H    0     0                    45062.000000 45006.0000  0.12%     -    0s
H    0     0                    45026.000000 45006.0000  0.04%     -    0s
H    0     0                    45016.000000 45006.0000  0.02%     -    0s
*    0     0               0    45006.000000 45006.0000  0.00%     -    0s

Cutting planes:
  Gomory: 2

Explored 1 nodes (8 simplex iterations) in 0.02 seconds (0.00 work units)
Thread count was 8 (of 8 available processors)

Solution count 9: 45006 45016 45026 ... 49620

Optimal solution found (tolerance 1.00e-04)
Best objective 4.500600000000e+04, best bound 4.500600000000e+04, gap 0.0000%

Gurobi 13.0.0 (win64) logging started Sat Nov 29 23:02:41 2025

Set parameter LogFile to value "Question2/exercise_lec4/keypath_pmf/KeypathExercise.log"
Set parameter TimeLimit to value 60
Gurobi Optimizer version 13.0.0 build v13.0.0rc1 (win64 - Windows 10.0 (19045.2))

CPU model: 11th Gen Intel(R) Core(TM) i5-1135G7 @ 2.40GHz, instruction set [SSE2|AVX|AVX2|AVX512]
Thread count: 4 physical cores, 8 logical processors, using up to 8 threads

Non-default parameters:
TimeLimit  60

Optimize a model with 25 rows, 210 columns and 515 nonzeros (Min)
Model fingerprint: 0x5566cd74
Model has 210 linear objective coefficients
Variable types: 0 continuous, 210 integer (0 binary)
Coefficient statistics:
  Matrix range     [1e-01, 1e+00]
  Objective range  [5e+01, 2e+02]
  Bounds range     [0e+00, 0e+00]
  RHS range        [8e+00, 2e+02]
Found heuristic solution: objective 49620.000000
Presolve removed 7 rows and 181 columns
Presolve time: 0.00s
Presolved: 18 rows, 29 columns, 81 nonzeros
Found heuristic solution: objective 45568.000000
Variable types: 0 continuous, 29 integer (0 binary)
Found heuristic solution: objective 45488.000000

Root relaxation: objective 4.500600e+04, 7 iterations, 0.00 seconds (0.00 work units)

    Nodes    |    Current Node    |     Objective Bounds      |     Work
 Expl Unexpl |  Obj  Depth IntInf | Incumbent    BestBd   Gap | It/Node Time

     0     0 45006.0000    0    2 45488.0000 45006.0000  1.06%     -    0s
H    0     0                    45082.000000 45006.0000  0.17%     -    0s
H    0     0                    45072.000000 45006.0000  0.15%     -    0s
H    0     0                    45062.000000 45006.0000  0.12%     -    0s
H    0     0                    45026.000000 45006.0000  0.04%     -    0s
H    0     0                    45016.000000 45006.0000  0.02%     -    0s
*    0     0               0    45006.000000 45006.0000  0.00%     -    0s

Cutting planes:
  Gomory: 2

Explored 1 nodes (8 simplex iterations) in 0.02 seconds (0.00 work units)
Thread count was 8 (of 8 available processors)

Solution count 9: 45006 45016 45026 ... 49620

Optimal solution found (tolerance 1.00e-04)
Best objective 4.500600000000e+04, best bound 4.500600000000e+04, gap 0.0000%

Gurobi 13.0.0 (win64) logging started Sat Nov 29 23:04:54 2025

Set parameter LogFile to value "Question2/exercise_lec4/keypath_pmf/KeypathExercise.log"
Set parameter TimeLimit to value 60
Gurobi Optimizer version 13.0.0 build v13.0.0rc1 (win64 - Windows 10.0 (19045.2))

CPU model: 11th Gen Intel(R) Core(TM) i5-1135G7 @ 2.40GHz, instruction set [SSE2|AVX|AVX2|AVX512]
Thread count: 4 physical cores, 8 logical processors, using up to 8 threads

Non-default parameters:
TimeLimit  60

Optimize a model with 25 rows, 210 columns and 515 nonzeros (Min)
Model fingerprint: 0x5566cd74
Model has 210 linear objective coefficients
Variable types: 0 continuous, 210 integer (0 binary)
Coefficient statistics:
  Matrix range     [1e-01, 1e+00]
  Objective range  [5e+01, 2e+02]
  Bounds range     [0e+00, 0e+00]
  RHS range        [8e+00, 2e+02]
Found heuristic solution: objective 49620.000000
Presolve removed 7 rows and 181 columns
Presolve time: 0.00s
Presolved: 18 rows, 29 columns, 81 nonzeros
Found heuristic solution: objective 45568.000000
Variable types: 0 continuous, 29 integer (0 binary)
Found heuristic solution: objective 45488.000000

Root relaxation: objective 4.500600e+04, 7 iterations, 0.00 seconds (0.00 work units)

    Nodes    |    Current Node    |     Objective Bounds      |     Work
 Expl Unexpl |  Obj  Depth IntInf | Incumbent    BestBd   Gap | It/Node Time

     0     0 45006.0000    0    2 45488.0000 45006.0000  1.06%     -    0s
H    0     0                    45082.000000 45006.0000  0.17%     -    0s
H    0     0                    45072.000000 45006.0000  0.15%     -    0s
H    0     0                    45062.000000 45006.0000  0.12%     -    0s
H    0     0                    45026.000000 45006.0000  0.04%     -    0s
H    0     0                    45016.000000 45006.0000  0.02%     -    0s
*    0     0               0    45006.000000 45006.0000  0.00%     -    0s

Cutting planes:
  Gomory: 2

Explored 1 nodes (8 simplex iterations) in 0.02 seconds (0.00 work units)
Thread count was 8 (of 8 available processors)

Solution count 9: 45006 45016 45026 ... 49620

Optimal solution found (tolerance 1.00e-04)
Best objective 4.500600000000e+04, best bound 4.500600000000e+04, gap 0.0000%

Gurobi 13.0.0 (win64) logging started Sat Nov 29 23:05:04 2025

Set parameter LogFile to value "Question2/exercise_lec4/keypath_pmf/KeypathExercise.log"
Set parameter TimeLimit to value 60
Gurobi Optimizer version 13.0.0 build v13.0.0rc1 (win64 - Windows 10.0 (19045.2))

CPU model: 11th Gen Intel(R) Core(TM) i5-1135G7 @ 2.40GHz, instruction set [SSE2|AVX|AVX2|AVX512]
Thread count: 4 physical cores, 8 logical processors, using up to 8 threads

Non-default parameters:
TimeLimit  60

Optimize a model with 25 rows, 210 columns and 515 nonzeros (Min)
Model fingerprint: 0x5566cd74
Model has 210 linear objective coefficients
Variable types: 0 continuous, 210 integer (0 binary)
Coefficient statistics:
  Matrix range     [1e-01, 1e+00]
  Objective range  [5e+01, 2e+02]
  Bounds range     [0e+00, 0e+00]
  RHS range        [8e+00, 2e+02]
Found heuristic solution: objective 49620.000000
Presolve removed 7 rows and 181 columns
Presolve time: 0.00s
Presolved: 18 rows, 29 columns, 81 nonzeros
Found heuristic solution: objective 45568.000000
Variable types: 0 continuous, 29 integer (0 binary)
Found heuristic solution: objective 45488.000000

Root relaxation: objective 4.500600e+04, 7 iterations, 0.00 seconds (0.00 work units)

    Nodes    |    Current Node    |     Objective Bounds      |     Work
 Expl Unexpl |  Obj  Depth IntInf | Incumbent    BestBd   Gap | It/Node Time

     0     0 45006.0000    0    2 45488.0000 45006.0000  1.06%     -    0s
H    0     0                    45082.000000 45006.0000  0.17%     -    0s
H    0     0                    45072.000000 45006.0000  0.15%     -    0s
H    0     0                    45062.000000 45006.0000  0.12%     -    0s
H    0     0                    45026.000000 45006.0000  0.04%     -    0s
H    0     0                    45016.000000 45006.0000  0.02%     -    0s
*    0     0               0    45006.000000 45006.0000  0.00%     -    0s

Cutting planes:
  Gomory: 2

Explored 1 nodes (8 simplex iterations) in 0.02 seconds (0.00 work units)
Thread count was 8 (of 8 available processors)

Solution count 9: 45006 45016 45026 ... 49620

Optimal solution found (tolerance 1.00e-04)
Best objective 4.500600000000e+04, best bound 4.500600000000e+04, gap 0.0000%

Gurobi 13.0.0 (win64) logging started Sat Nov 29 23:12:55 2025

Set parameter LogFile to value "Question2/exercise_lec4/keypath_pmf/KeypathExercise.log"
Set parameter TimeLimit to value 60
Gurobi Optimizer version 13.0.0 build v13.0.0rc1 (win64 - Windows 10.0 (19045.2))

CPU model: 11th Gen Intel(R) Core(TM) i5-1135G7 @ 2.40GHz, instruction set [SSE2|AVX|AVX2|AVX512]
Thread count: 4 physical cores, 8 logical processors, using up to 8 threads

Non-default parameters:
TimeLimit  60

Optimize a model with 25 rows, 210 columns and 515 nonzeros (Min)
Model fingerprint: 0x98d15e2e
Model has 210 linear objective coefficients
Variable types: 0 continuous, 210 integer (0 binary)
Coefficient statistics:
  Matrix range     [1e-01, 1e+00]
  Objective range  [5e+01, 2e+02]
  Bounds range     [0e+00, 0e+00]
  RHS range        [8e+00, 2e+02]
Found heuristic solution: objective 67180.000000
Presolve removed 7 rows and 181 columns
Presolve time: 0.02s
Presolved: 18 rows, 29 columns, 81 nonzeros
Found heuristic solution: objective 45006.000000
Variable types: 0 continuous, 29 integer (0 binary)

Root relaxation: cutoff, 7 iterations, 0.00 seconds (0.00 work units)

    Nodes    |    Current Node    |     Objective Bounds      |     Work
 Expl Unexpl |  Obj  Depth IntInf | Incumbent    BestBd   Gap | It/Node Time

     0     0     cutoff    0      45006.0000 45006.0000  0.00%     -    0s

Explored 1 nodes (7 simplex iterations) in 0.09 seconds (0.00 work units)
Thread count was 8 (of 8 available processors)

Solution count 2: 45006 67180 

Optimal solution found (tolerance 1.00e-04)
Best objective 4.500600000000e+04, best bound 4.500600000000e+04, gap 0.0000%

Gurobi 13.0.0 (win64) logging started Mon Dec  1 14:25:06 2025

Set parameter LogFile to value "Question2/exercise_lec4/keypath_pmf/KeypathExercise.log"
Set parameter TimeLimit to value 60
Gurobi Optimizer version 13.0.0 build v13.0.0rc1 (win64 - Windows 10.0 (19045.2))

CPU model: 11th Gen Intel(R) Core(TM) i5-1135G7 @ 2.40GHz, instruction set [SSE2|AVX|AVX2|AVX512]
Thread count: 4 physical cores, 8 logical processors, using up to 8 threads

Non-default parameters:
TimeLimit  60

Optimize a model with 25 rows, 210 columns and 515 nonzeros (Min)
Model fingerprint: 0x5566cd74
Model has 210 linear objective coefficients
Variable types: 0 continuous, 210 integer (0 binary)
Coefficient statistics:
  Matrix range     [1e-01, 1e+00]
  Objective range  [5e+01, 2e+02]
  Bounds range     [0e+00, 0e+00]
  RHS range        [8e+00, 2e+02]
Found heuristic solution: objective 49620.000000
Presolve removed 7 rows and 181 columns
Presolve time: 0.02s
Presolved: 18 rows, 29 columns, 81 nonzeros
Found heuristic solution: objective 45568.000000
Variable types: 0 continuous, 29 integer (0 binary)
Found heuristic solution: objective 45488.000000

Root relaxation: objective 4.500600e+04, 7 iterations, 0.00 seconds (0.00 work units)

    Nodes    |    Current Node    |     Objective Bounds      |     Work
 Expl Unexpl |  Obj  Depth IntInf | Incumbent    BestBd   Gap | It/Node Time

     0     0 45006.0000    0    2 45488.0000 45006.0000  1.06%     -    0s
H    0     0                    45082.000000 45006.0000  0.17%     -    0s
H    0     0                    45072.000000 45006.0000  0.15%     -    0s
H    0     0                    45062.000000 45006.0000  0.12%     -    0s
H    0     0                    45026.000000 45006.0000  0.04%     -    0s
H    0     0                    45016.000000 45006.0000  0.02%     -    0s
*    0     0               0    45006.000000 45006.0000  0.00%     -    0s

Cutting planes:
  Gomory: 2

Explored 1 nodes (8 simplex iterations) in 0.10 seconds (0.00 work units)
Thread count was 8 (of 8 available processors)

Solution count 9: 45006 45016 45026 ... 49620

Optimal solution found (tolerance 1.00e-04)
Best objective 4.500600000000e+04, best bound 4.500600000000e+04, gap 0.0000%

Gurobi 13.0.0 (win64) logging started Mon Dec  1 14:25:42 2025

Set parameter LogFile to value "Question2/exercise_lec4/keypath_pmf/KeypathExercise.log"
Set parameter TimeLimit to value 60
Gurobi Optimizer version 13.0.0 build v13.0.0rc1 (win64 - Windows 10.0 (19045.2))

CPU model: 11th Gen Intel(R) Core(TM) i5-1135G7 @ 2.40GHz, instruction set [SSE2|AVX|AVX2|AVX512]
Thread count: 4 physical cores, 8 logical processors, using up to 8 threads

Non-default parameters:
TimeLimit  60

Optimize a model with 25 rows, 210 columns and 515 nonzeros (Min)
Model fingerprint: 0x98d15e2e
Model has 210 linear objective coefficients
Variable types: 0 continuous, 210 integer (0 binary)
Coefficient statistics:
  Matrix range     [1e-01, 1e+00]
  Objective range  [5e+01, 2e+02]
  Bounds range     [0e+00, 0e+00]
  RHS range        [8e+00, 2e+02]
Found heuristic solution: objective 67180.000000
Presolve removed 7 rows and 181 columns
Presolve time: 0.00s
Presolved: 18 rows, 29 columns, 81 nonzeros
Found heuristic solution: objective 45006.000000
Variable types: 0 continuous, 29 integer (0 binary)

Root relaxation: cutoff, 7 iterations, 0.00 seconds (0.00 work units)

    Nodes    |    Current Node    |     Objective Bounds      |     Work
 Expl Unexpl |  Obj  Depth IntInf | Incumbent    BestBd   Gap | It/Node Time

     0     0     cutoff    0      45006.0000 45006.0000  0.00%     -    0s

Explored 1 nodes (7 simplex iterations) in 0.02 seconds (0.00 work units)
Thread count was 8 (of 8 available processors)

Solution count 2: 45006 67180 

Optimal solution found (tolerance 1.00e-04)
Best objective 4.500600000000e+04, best bound 4.500600000000e+04, gap 0.0000%

Gurobi 13.0.0 (win64) logging started Mon Dec  1 14:26:37 2025

Set parameter LogFile to value "Question2/exercise_lec4/keypath_pmf/KeypathExercise.log"
Set parameter TimeLimit to value 60
Gurobi Optimizer version 13.0.0 build v13.0.0rc1 (win64 - Windows 10.0 (19045.2))

CPU model: 11th Gen Intel(R) Core(TM) i5-1135G7 @ 2.40GHz, instruction set [SSE2|AVX|AVX2|AVX512]
Thread count: 4 physical cores, 8 logical processors, using up to 8 threads

Non-default parameters:
TimeLimit  60

Optimize a model with 25 rows, 210 columns and 515 nonzeros (Min)
Model fingerprint: 0x5566cd74
Model has 210 linear objective coefficients
Variable types: 0 continuous, 210 integer (0 binary)
Coefficient statistics:
  Matrix range     [1e-01, 1e+00]
  Objective range  [5e+01, 2e+02]
  Bounds range     [0e+00, 0e+00]
  RHS range        [8e+00, 2e+02]
Found heuristic solution: objective 49620.000000
Presolve removed 7 rows and 181 columns
Presolve time: 0.00s
Presolved: 18 rows, 29 columns, 81 nonzeros
Found heuristic solution: objective 45568.000000
Variable types: 0 continuous, 29 integer (0 binary)
Found heuristic solution: objective 45488.000000

Root relaxation: objective 4.500600e+04, 7 iterations, 0.00 seconds (0.00 work units)

    Nodes    |    Current Node    |     Objective Bounds      |     Work
 Expl Unexpl |  Obj  Depth IntInf | Incumbent    BestBd   Gap | It/Node Time

     0     0 45006.0000    0    2 45488.0000 45006.0000  1.06%     -    0s
H    0     0                    45082.000000 45006.0000  0.17%     -    0s
H    0     0                    45072.000000 45006.0000  0.15%     -    0s
H    0     0                    45062.000000 45006.0000  0.12%     -    0s
H    0     0                    45026.000000 45006.0000  0.04%     -    0s
H    0     0                    45016.000000 45006.0000  0.02%     -    0s
*    0     0               0    45006.000000 45006.0000  0.00%     -    0s

Cutting planes:
  Gomory: 2

Explored 1 nodes (8 simplex iterations) in 0.02 seconds (0.00 work units)
Thread count was 8 (of 8 available processors)

Solution count 9: 45006 45016 45026 ... 49620

Optimal solution found (tolerance 1.00e-04)
Best objective 4.500600000000e+04, best bound 4.500600000000e+04, gap 0.0000%

Gurobi 13.0.0 (win64) logging started Mon Dec  1 14:26:50 2025

Set parameter LogFile to value "Question2/exercise_lec4/keypath_pmf/KeypathExercise.log"
Set parameter TimeLimit to value 60
Gurobi Optimizer version 13.0.0 build v13.0.0rc1 (win64 - Windows 10.0 (19045.2))

CPU model: 11th Gen Intel(R) Core(TM) i5-1135G7 @ 2.40GHz, instruction set [SSE2|AVX|AVX2|AVX512]
Thread count: 4 physical cores, 8 logical processors, using up to 8 threads

Non-default parameters:
TimeLimit  60

Optimize a model with 25 rows, 210 columns and 515 nonzeros (Min)
Model fingerprint: 0x98d15e2e
Model has 210 linear objective coefficients
Variable types: 0 continuous, 210 integer (0 binary)
Coefficient statistics:
  Matrix range     [1e-01, 1e+00]
  Objective range  [5e+01, 2e+02]
  Bounds range     [0e+00, 0e+00]
  RHS range        [8e+00, 2e+02]
Found heuristic solution: objective 67180.000000
Presolve removed 7 rows and 181 columns
Presolve time: 0.00s
Presolved: 18 rows, 29 columns, 81 nonzeros
Found heuristic solution: objective 45006.000000
Variable types: 0 continuous, 29 integer (0 binary)

Root relaxation: cutoff, 7 iterations, 0.00 seconds (0.00 work units)

    Nodes    |    Current Node    |     Objective Bounds      |     Work
 Expl Unexpl |  Obj  Depth IntInf | Incumbent    BestBd   Gap | It/Node Time

     0     0     cutoff    0      45006.0000 45006.0000  0.00%     -    0s

Explored 1 nodes (7 simplex iterations) in 0.01 seconds (0.00 work units)
Thread count was 8 (of 8 available processors)

Solution count 2: 45006 67180 

Optimal solution found (tolerance 1.00e-04)
Best objective 4.500600000000e+04, best bound 4.500600000000e+04, gap 0.0000%

Gurobi 13.0.0 (win64) logging started Mon Dec  1 17:55:33 2025

Set parameter LogFile to value "Question2/exercise_lec4/keypath_pmf/KeypathExercise.log"
Set parameter TimeLimit to value 60
Gurobi Optimizer version 13.0.0 build v13.0.0rc1 (win64 - Windows 10.0 (19045.2))

CPU model: 11th Gen Intel(R) Core(TM) i5-1135G7 @ 2.40GHz, instruction set [SSE2|AVX|AVX2|AVX512]
Thread count: 4 physical cores, 8 logical processors, using up to 8 threads

Non-default parameters:
TimeLimit  60

Optimize a model with 25 rows, 210 columns and 515 nonzeros (Min)
Model fingerprint: 0x98d15e2e
Model has 210 linear objective coefficients
Variable types: 0 continuous, 210 integer (0 binary)
Coefficient statistics:
  Matrix range     [1e-01, 1e+00]
  Objective range  [5e+01, 2e+02]
  Bounds range     [0e+00, 0e+00]
  RHS range        [8e+00, 2e+02]
Found heuristic solution: objective 67180.000000
Presolve removed 7 rows and 181 columns
Presolve time: 0.02s
Presolved: 18 rows, 29 columns, 81 nonzeros
Found heuristic solution: objective 45006.000000
Variable types: 0 continuous, 29 integer (0 binary)

Root relaxation: cutoff, 7 iterations, 0.00 seconds (0.00 work units)

    Nodes    |    Current Node    |     Objective Bounds      |     Work
 Expl Unexpl |  Obj  Depth IntInf | Incumbent    BestBd   Gap | It/Node Time

     0     0     cutoff    0      45006.0000 45006.0000  0.00%     -    0s

Explored 1 nodes (7 simplex iterations) in 0.09 seconds (0.00 work units)
Thread count was 8 (of 8 available processors)

Solution count 2: 45006 67180 

Optimal solution found (tolerance 1.00e-04)
Best objective 4.500600000000e+04, best bound 4.500600000000e+04, gap 0.0000%

Gurobi 13.0.0 (win64) logging started Mon Dec  1 17:59:43 2025

Set parameter LogFile to value "Question2/exercise_lec4/keypath_pmf/KeypathExercise.log"
Set parameter TimeLimit to value 60
Gurobi Optimizer version 13.0.0 build v13.0.0rc1 (win64 - Windows 10.0 (19045.2))

CPU model: 11th Gen Intel(R) Core(TM) i5-1135G7 @ 2.40GHz, instruction set [SSE2|AVX|AVX2|AVX512]
Thread count: 4 physical cores, 8 logical processors, using up to 8 threads

Non-default parameters:
TimeLimit  60

Optimize a model with 25 rows, 210 columns and 515 nonzeros (Min)
Model fingerprint: 0x98d15e2e
Model has 210 linear objective coefficients
Variable types: 0 continuous, 210 integer (0 binary)
Coefficient statistics:
  Matrix range     [1e-01, 1e+00]
  Objective range  [5e+01, 2e+02]
  Bounds range     [0e+00, 0e+00]
  RHS range        [8e+00, 2e+02]
Found heuristic solution: objective 67180.000000
Presolve removed 7 rows and 181 columns
Presolve time: 0.00s
Presolved: 18 rows, 29 columns, 81 nonzeros
Found heuristic solution: objective 45006.000000
Variable types: 0 continuous, 29 integer (0 binary)

Root relaxation: cutoff, 7 iterations, 0.00 seconds (0.00 work units)

    Nodes    |    Current Node    |     Objective Bounds      |     Work
 Expl Unexpl |  Obj  Depth IntInf | Incumbent    BestBd   Gap | It/Node Time

     0     0     cutoff    0      45006.0000 45006.0000  0.00%     -    0s

Explored 1 nodes (7 simplex iterations) in 0.01 seconds (0.00 work units)
Thread count was 8 (of 8 available processors)

Solution count 2: 45006 67180 

Optimal solution found (tolerance 1.00e-04)
Best objective 4.500600000000e+04, best bound 4.500600000000e+04, gap 0.0000%

Gurobi 13.0.0 (win64) logging started Mon Dec  1 18:01:51 2025

Set parameter LogFile to value "Question2/exercise_lec4/keypath_pmf/KeypathExercise.log"
Set parameter TimeLimit to value 60
Gurobi Optimizer version 13.0.0 build v13.0.0rc1 (win64 - Windows 10.0 (19045.2))

CPU model: 11th Gen Intel(R) Core(TM) i5-1135G7 @ 2.40GHz, instruction set [SSE2|AVX|AVX2|AVX512]
Thread count: 4 physical cores, 8 logical processors, using up to 8 threads

Non-default parameters:
TimeLimit  60

Optimize a model with 25 rows, 210 columns and 515 nonzeros (Min)
Model fingerprint: 0x98d15e2e
Model has 210 linear objective coefficients
Variable types: 0 continuous, 210 integer (0 binary)
Coefficient statistics:
  Matrix range     [1e-01, 1e+00]
  Objective range  [5e+01, 2e+02]
  Bounds range     [0e+00, 0e+00]
  RHS range        [8e+00, 2e+02]
Found heuristic solution: objective 67180.000000
Presolve removed 7 rows and 181 columns
Presolve time: 0.00s
Presolved: 18 rows, 29 columns, 81 nonzeros
Found heuristic solution: objective 45006.000000
Variable types: 0 continuous, 29 integer (0 binary)

Root relaxation: cutoff, 7 iterations, 0.00 seconds (0.00 work units)

    Nodes    |    Current Node    |     Objective Bounds      |     Work
 Expl Unexpl |  Obj  Depth IntInf | Incumbent    BestBd   Gap | It/Node Time

     0     0     cutoff    0      45006.0000 45006.0000  0.00%     -    0s

Explored 1 nodes (7 simplex iterations) in 0.00 seconds (0.00 work units)
Thread count was 8 (of 8 available processors)

Solution count 2: 45006 67180 

Optimal solution found (tolerance 1.00e-04)
Best objective 4.500600000000e+04, best bound 4.500600000000e+04, gap 0.0000%

Gurobi 13.0.0 (win64) logging started Mon Dec  1 18:04:36 2025

Set parameter LogFile to value "Question2/exercise_lec4/keypath_pmf/KeypathExercise.log"
Set parameter TimeLimit to value 60
Gurobi Optimizer version 13.0.0 build v13.0.0rc1 (win64 - Windows 10.0 (19045.2))

CPU model: 11th Gen Intel(R) Core(TM) i5-1135G7 @ 2.40GHz, instruction set [SSE2|AVX|AVX2|AVX512]
Thread count: 4 physical cores, 8 logical processors, using up to 8 threads

Non-default parameters:
TimeLimit  60

Optimize a model with 25 rows, 210 columns and 515 nonzeros (Min)
Model fingerprint: 0x98d15e2e
Model has 210 linear objective coefficients
Variable types: 0 continuous, 210 integer (0 binary)
Coefficient statistics:
  Matrix range     [1e-01, 1e+00]
  Objective range  [5e+01, 2e+02]
  Bounds range     [0e+00, 0e+00]
  RHS range        [8e+00, 2e+02]
Found heuristic solution: objective 67180.000000
Presolve removed 7 rows and 181 columns
Presolve time: 0.00s
Presolved: 18 rows, 29 columns, 81 nonzeros
Found heuristic solution: objective 45006.000000
Variable types: 0 continuous, 29 integer (0 binary)

Root relaxation: cutoff, 7 iterations, 0.00 seconds (0.00 work units)

    Nodes    |    Current Node    |     Objective Bounds      |     Work
 Expl Unexpl |  Obj  Depth IntInf | Incumbent    BestBd   Gap | It/Node Time

     0     0     cutoff    0      45006.0000 45006.0000  0.00%     -    0s

Explored 1 nodes (7 simplex iterations) in 0.01 seconds (0.00 work units)
Thread count was 8 (of 8 available processors)

Solution count 2: 45006 67180 

Optimal solution found (tolerance 1.00e-04)
Best objective 4.500600000000e+04, best bound 4.500600000000e+04, gap 0.0000%

Gurobi 13.0.0 (win64) logging started Mon Dec  1 18:06:43 2025

Set parameter LogFile to value "Question2/exercise_lec4/keypath_pmf/KeypathExercise.log"
Set parameter TimeLimit to value 60
Gurobi Optimizer version 13.0.0 build v13.0.0rc1 (win64 - Windows 10.0 (19045.2))

CPU model: 11th Gen Intel(R) Core(TM) i5-1135G7 @ 2.40GHz, instruction set [SSE2|AVX|AVX2|AVX512]
Thread count: 4 physical cores, 8 logical processors, using up to 8 threads

Non-default parameters:
TimeLimit  60

Optimize a model with 25 rows, 210 columns and 515 nonzeros (Min)
Model fingerprint: 0x98d15e2e
Model has 210 linear objective coefficients
Variable types: 0 continuous, 210 integer (0 binary)
Coefficient statistics:
  Matrix range     [1e-01, 1e+00]
  Objective range  [5e+01, 2e+02]
  Bounds range     [0e+00, 0e+00]
  RHS range        [8e+00, 2e+02]
Found heuristic solution: objective 67180.000000
Presolve removed 7 rows and 181 columns
Presolve time: 0.00s
Presolved: 18 rows, 29 columns, 81 nonzeros
Found heuristic solution: objective 45006.000000
Variable types: 0 continuous, 29 integer (0 binary)

Root relaxation: cutoff, 7 iterations, 0.00 seconds (0.00 work units)

    Nodes    |    Current Node    |     Objective Bounds      |     Work
 Expl Unexpl |  Obj  Depth IntInf | Incumbent    BestBd   Gap | It/Node Time

     0     0     cutoff    0      45006.0000 45006.0000  0.00%     -    0s

Explored 1 nodes (7 simplex iterations) in 0.01 seconds (0.00 work units)
Thread count was 8 (of 8 available processors)

Solution count 2: 45006 67180 

Optimal solution found (tolerance 1.00e-04)
Best objective 4.500600000000e+04, best bound 4.500600000000e+04, gap 0.0000%

Gurobi 13.0.0 (win64) logging started Mon Dec  1 18:12:03 2025

Set parameter LogFile to value "Question2/exercise_lec4/keypath_pmf/KeypathExercise.log"
Set parameter TimeLimit to value 60
Gurobi Optimizer version 13.0.0 build v13.0.0rc1 (win64 - Windows 10.0 (19045.2))

CPU model: 11th Gen Intel(R) Core(TM) i5-1135G7 @ 2.40GHz, instruction set [SSE2|AVX|AVX2|AVX512]
Thread count: 4 physical cores, 8 logical processors, using up to 8 threads

Non-default parameters:
TimeLimit  60

Optimize a model with 25 rows, 210 columns and 515 nonzeros (Min)
Model fingerprint: 0x98d15e2e
Model has 210 linear objective coefficients
Variable types: 0 continuous, 210 integer (0 binary)
Coefficient statistics:
  Matrix range     [1e-01, 1e+00]
  Objective range  [5e+01, 2e+02]
  Bounds range     [0e+00, 0e+00]
  RHS range        [8e+00, 2e+02]
Found heuristic solution: objective 67180.000000
Presolve removed 7 rows and 181 columns
Presolve time: 0.00s
Presolved: 18 rows, 29 columns, 81 nonzeros
Found heuristic solution: objective 45006.000000
Variable types: 0 continuous, 29 integer (0 binary)

Root relaxation: cutoff, 7 iterations, 0.00 seconds (0.00 work units)

    Nodes    |    Current Node    |     Objective Bounds      |     Work
 Expl Unexpl |  Obj  Depth IntInf | Incumbent    BestBd   Gap | It/Node Time

     0     0     cutoff    0      45006.0000 45006.0000  0.00%     -    0s

Explored 1 nodes (7 simplex iterations) in 0.01 seconds (0.00 work units)
Thread count was 8 (of 8 available processors)

Solution count 2: 45006 67180 

Optimal solution found (tolerance 1.00e-04)
Best objective 4.500600000000e+04, best bound 4.500600000000e+04, gap 0.0000%

Gurobi 13.0.0 (win64) logging started Mon Dec  1 18:12:20 2025

Set parameter LogFile to value "Question2/exercise_lec4/keypath_pmf/KeypathExercise.log"
Set parameter TimeLimit to value 60
Gurobi Optimizer version 13.0.0 build v13.0.0rc1 (win64 - Windows 10.0 (19045.2))

CPU model: 11th Gen Intel(R) Core(TM) i5-1135G7 @ 2.40GHz, instruction set [SSE2|AVX|AVX2|AVX512]
Thread count: 4 physical cores, 8 logical processors, using up to 8 threads

Non-default parameters:
TimeLimit  60

Optimize a model with 25 rows, 210 columns and 515 nonzeros (Min)
Model fingerprint: 0x98d15e2e
Model has 210 linear objective coefficients
Variable types: 0 continuous, 210 integer (0 binary)
Coefficient statistics:
  Matrix range     [1e-01, 1e+00]
  Objective range  [5e+01, 2e+02]
  Bounds range     [0e+00, 0e+00]
  RHS range        [8e+00, 2e+02]
Found heuristic solution: objective 67180.000000
Presolve removed 7 rows and 181 columns
Presolve time: 0.00s
Presolved: 18 rows, 29 columns, 81 nonzeros
Found heuristic solution: objective 45006.000000
Variable types: 0 continuous, 29 integer (0 binary)

Root relaxation: cutoff, 7 iterations, 0.00 seconds (0.00 work units)

    Nodes    |    Current Node    |     Objective Bounds      |     Work
 Expl Unexpl |  Obj  Depth IntInf | Incumbent    BestBd   Gap | It/Node Time

     0     0     cutoff    0      45006.0000 45006.0000  0.00%     -    0s

Explored 1 nodes (7 simplex iterations) in 0.01 seconds (0.00 work units)
Thread count was 8 (of 8 available processors)

Solution count 2: 45006 67180 

Optimal solution found (tolerance 1.00e-04)
Best objective 4.500600000000e+04, best bound 4.500600000000e+04, gap 0.0000%

Gurobi 13.0.0 (win64) logging started Mon Dec  1 18:13:01 2025

Set parameter LogFile to value "Question2/exercise_lec4/keypath_pmf/KeypathExercise.log"
Set parameter TimeLimit to value 60
Gurobi Optimizer version 13.0.0 build v13.0.0rc1 (win64 - Windows 10.0 (19045.2))

CPU model: 11th Gen Intel(R) Core(TM) i5-1135G7 @ 2.40GHz, instruction set [SSE2|AVX|AVX2|AVX512]
Thread count: 4 physical cores, 8 logical processors, using up to 8 threads

Non-default parameters:
TimeLimit  60

Optimize a model with 25 rows, 210 columns and 515 nonzeros (Min)
Model fingerprint: 0x98d15e2e
Model has 210 linear objective coefficients
Variable types: 0 continuous, 210 integer (0 binary)
Coefficient statistics:
  Matrix range     [1e-01, 1e+00]
  Objective range  [5e+01, 2e+02]
  Bounds range     [0e+00, 0e+00]
  RHS range        [8e+00, 2e+02]
Found heuristic solution: objective 67180.000000
Presolve removed 7 rows and 181 columns
Presolve time: 0.00s
Presolved: 18 rows, 29 columns, 81 nonzeros
Found heuristic solution: objective 45006.000000
Variable types: 0 continuous, 29 integer (0 binary)

Root relaxation: cutoff, 7 iterations, 0.00 seconds (0.00 work units)

    Nodes    |    Current Node    |     Objective Bounds      |     Work
 Expl Unexpl |  Obj  Depth IntInf | Incumbent    BestBd   Gap | It/Node Time

     0     0     cutoff    0      45006.0000 45006.0000  0.00%     -    0s

Explored 1 nodes (7 simplex iterations) in 0.01 seconds (0.00 work units)
Thread count was 8 (of 8 available processors)

Solution count 2: 45006 67180 

Optimal solution found (tolerance 1.00e-04)
Best objective 4.500600000000e+04, best bound 4.500600000000e+04, gap 0.0000%
