
Gurobi 13.0.0 (win64) logging started Tue Dec  2 18:17:47 2025

Set parameter LogFile to value "Question2/log_files/Keypath.log"
Set parameter TimeLimit to value 60
Gurobi Optimizer version 13.0.0 build v13.0.0rc1 (win64 - Windows 10.0 (19045.2))

CPU model: 11th Gen Intel(R) Core(TM) i5-1135G7 @ 2.40GHz, instruction set [SSE2|AVX|AVX2|AVX512]
Thread count: 4 physical cores, 8 logical processors, using up to 8 threads

Non-default parameters:
TimeLimit  60

Optimize a model with 527 rows, 144780 columns and 379323 nonzeros (Min)
Model fingerprint: 0xf581c264
Model has 144780 linear objective coefficients
Variable types: 0 continuous, 144780 integer (0 binary)
Coefficient statistics:
  Matrix range     [1e-01, 1e+00]
  Objective range  [1e+00, 3e+02]
  Bounds range     [0e+00, 0e+00]
  RHS range        [1e+00, 8e+02]
Found heuristic solution: objective 1548056.0000
Presolve removed 295 rows and 144211 columns
Presolve time: 0.13s
Presolved: 232 rows, 569 columns, 1695 nonzeros
Found heuristic solution: objective 1507732.5000
Variable types: 0 continuous, 569 integer (4 binary)
Performing another presolve...
Presolve removed 19 rows and 21 columns
Presolve time: 0.02s

Root relaxation: objective 1.506627e+06, 274 iterations, 0.00 seconds (0.00 work units)

    Nodes    |    Current Node    |     Objective Bounds      |     Work
 Expl Unexpl |  Obj  Depth IntInf | Incumbent    BestBd   Gap | It/Node Time

     0     0 1506626.60    0   56 1507732.50 1506626.60  0.07%     -    0s
H    0     0                    1507625.9200 1506626.60  0.07%     -    0s
     0     0 1506632.43    0   91 1507625.92 1506632.43  0.07%     -    0s
H    0     0                    1507611.9800 1506632.43  0.06%     -    0s
H    0     0                    1507571.0800 1506632.43  0.06%     -    0s
H    0     0                    1507489.6800 1506641.65  0.06%     -    0s
     0     0 1506641.65    0   91 1507489.68 1506641.65  0.06%     -    0s
     0     0 1506641.65    0   79 1507489.68 1506641.65  0.06%     -    0s
     0     0 1506641.65    0   81 1507489.68 1506641.65  0.06%     -    0s
     0     0 1506641.65    0   86 1507489.68 1506641.65  0.06%     -    0s
     0     0 1506644.45    0   87 1507489.68 1506644.45  0.06%     -    0s
     0     0 1506644.45    0   87 1507489.68 1506644.45  0.06%     -    0s
     0     0 1506644.45    0   87 1507489.68 1506644.45  0.06%     -    0s
     0     0 1506644.45    0   83 1507489.68 1506644.45  0.06%     -    0s
     0     2 1506644.45    0   83 1507489.68 1506644.45  0.06%     -    0s
H  161   352                    1507458.8600 1506646.24  0.05%   2.2    0s
H  430   356                    1507442.6800 1506646.24  0.05%   1.5    0s
H 1842  1762                    1507435.0000 1506646.24  0.05%   1.8    0s
H 1843  1762                    1507426.8600 1506646.24  0.05%   1.8    0s
H 1924  2269                    1507426.0200 1506646.24  0.05%   1.8    0s
H 3139  2905                    1507394.5500 1506646.24  0.05%   1.8    0s
H 3141  3460                    1507358.5300 1506646.24  0.05%   1.8    0s
H 5592  5142                    1507300.2300 1506646.28  0.04%   1.7    0s
H 5592  5140                    1507296.9800 1506646.28  0.04%   1.7    0s
H 5592  5001                    1507281.4000 1506646.28  0.04%   1.7    0s
H 5592  5001                    1507280.7200 1506646.28  0.04%   1.7    1s
H 5592  4978                    1507230.7100 1506646.28  0.04%   1.7    1s
H 7107  5439                    1507222.6800 1506646.60  0.04%   1.8    1s
H 7107  5213                    1507217.2100 1506646.60  0.04%   1.8    1s
H 7112  5708                    1507193.2700 1506646.60  0.04%   1.8    1s
H 7817  5270                    1507183.7400 1506646.60  0.04%   1.8    1s
H 7855  6061                    1507143.6200 1506646.60  0.03%   1.8    1s
H 8963  5753                    1507139.8600 1506646.60  0.03%   1.8    1s
H 9122  6343                    1507138.4300 1506646.60  0.03%   1.8    1s
H10834  6608                    1507134.4300 1506646.60  0.03%   1.8    1s
H10991  6811                    1507133.0000 1506646.60  0.03%   1.8    1s
H22451 16738                    1507127.1200 1506646.60  0.03%   1.8    2s
H29703 22690                    1507122.4400 1506646.64  0.03%   1.9    3s
H29705 20479                    1507113.6700 1506646.60  0.03%   1.9    3s
H29717 19463                    1507106.8300 1506646.79  0.03%   1.9    3s
H30128 19017                    1507106.0700 1506646.79  0.03%   1.9    4s
H30206 18066                    1507102.4200 1506646.79  0.03%   1.9    4s
H42947 24732                    1507099.8400 1506646.79  0.03%   1.9    4s
H42975 22689                    1507055.3900 1506646.79  0.03%   1.9    5s
H44926 23538                    1507047.8300 1506646.79  0.03%   1.9    5s
H53363 26270                    1507042.0300 1506646.79  0.03%   1.9    5s
H76031 39089                    1507039.3900 1506646.79  0.03%   1.8    7s
H101984 61544                    1507036.3900 1506646.79  0.03%   1.8    8s
H104185 62054                    1507026.9500 1506646.79  0.03%   1.8    8s
H114318 70672                    1507026.5200 1506646.79  0.03%   1.8    9s
H114323 66369                    1507005.5300 1506646.79  0.02%   1.8    9s
 118361 70995 1506975.62  690   42 1507005.53 1506646.79  0.02%   1.8   10s
H122918 73281                    1507003.2700 1506646.79  0.02%   1.8   10s
H123202 73052                    1507002.0500 1506646.79  0.02%   1.8   10s
H123203 72301                    1506992.4500 1506646.79  0.02%   1.8   10s
H136399 82534                    1506988.1000 1506646.79  0.02%   1.8   11s
H138229 83602                    1506986.3200 1506646.79  0.02%   1.8   11s
H148506 86292                    1506971.4800 1506646.79  0.02%   1.8   12s
H185770 119421                    1506971.0500 1506646.79  0.02%   1.8   14s
 201809 134251 1506832.19  219   49 1506971.05 1506646.79  0.02%   1.8   15s
H203540 133566                    1506969.6400 1506646.79  0.02%   1.8   15s
H226886 153115                    1506969.2100 1506646.79  0.02%   1.8   16s
H245160 162049                    1506962.1500 1506646.79  0.02%   1.8   18s
H247085 161511                    1506959.4900 1506646.79  0.02%   1.8   18s
 275317 184867 1506846.79  272   44 1506959.49 1506646.79  0.02%   1.8   20s
H275344 181345                    1506956.1100 1506646.79  0.02%   1.8   20s
H275349 180986                    1506954.6800 1506646.79  0.02%   1.8   20s
H306702 205638                    1506953.0000 1506646.79  0.02%   1.8   21s
H317141 206004                    1506946.5500 1506646.79  0.02%   1.8   22s
H350743 231366                    1506944.4700 1506646.79  0.02%   1.8   24s
 357286 237878 1506916.24  135   51 1506944.47 1506646.79  0.02%   1.8   25s
H378884 254320                    1506943.0700 1506646.79  0.02%   1.8   26s
H395801 249019                    1506930.1700 1506646.79  0.02%   1.8   27s
H412393 261796                    1506928.9700 1506646.79  0.02%   1.8   28s
H424362 270938                    1506928.5000 1506646.79  0.02%   1.8   29s
 432669 278993 1506846.95  275   50 1506928.50 1506646.79  0.02%   1.8   30s
 511237 348231 1506799.63  399   41 1506928.50 1506646.79  0.02%   1.8   35s
H547794 351818                    1506918.1800 1506646.79  0.02%   1.9   36s
 586343 386104 1506686.49  162   62 1506918.18 1506646.79  0.02%   1.9   40s
H655582 431360                    1506914.5800 1506646.79  0.02%   1.9   44s
 671020 445840 1506863.89  382   43 1506914.58 1506646.79  0.02%   1.9   45s
 718058 486714 1506842.28  769   33 1506914.58 1506646.79  0.02%   1.9   50s
 811168 568322 1506660.67  149   67 1506914.58 1506646.79  0.02%   1.9   55s
 889123 636595 1506913.58  187   46 1506914.58 1506646.79  0.02%   1.9   60s

Cutting planes:
  Gomory: 22
  MIR: 58
  StrongCG: 28
  Mod-K: 2

Explored 890031 nodes (1671284 simplex iterations) in 60.11 seconds (26.55 work units)
Thread count was 8 (of 8 available processors)

Solution count 10: 1.50691e+06 1.50692e+06 1.50693e+06 ... 1.50695e+06

Time limit reached
Best objective 1.506914580000e+06, best bound 1.506646790000e+06, gap 0.0178%

Gurobi 13.0.0 (win64) logging started Tue Dec  2 18:33:43 2025

Set parameter LogFile to value "Question2/log_files/Keypath.log"

Gurobi 13.0.0 (win64) logging started Tue Dec  2 18:33:53 2025

Set parameter LogFile to value "Question2/log_files/Keypath.log"
Set parameter TimeLimit to value 6000
Gurobi Optimizer version 13.0.0 build v13.0.0rc1 (win64 - Windows 10.0 (19045.2))

CPU model: 11th Gen Intel(R) Core(TM) i5-1135G7 @ 2.40GHz, instruction set [SSE2|AVX|AVX2|AVX512]
Thread count: 4 physical cores, 8 logical processors, using up to 8 threads

Non-default parameters:
TimeLimit  6000

Optimize a model with 527 rows, 144780 columns and 379323 nonzeros (Min)
Model fingerprint: 0xf581c264
Model has 144780 linear objective coefficients
Variable types: 0 continuous, 144780 integer (0 binary)
Coefficient statistics:
  Matrix range     [1e-01, 1e+00]
  Objective range  [1e+00, 3e+02]
  Bounds range     [0e+00, 0e+00]
  RHS range        [1e+00, 8e+02]
Found heuristic solution: objective 1548056.0000
Presolve removed 295 rows and 144211 columns
Presolve time: 0.15s
Presolved: 232 rows, 569 columns, 1695 nonzeros
Found heuristic solution: objective 1507732.5000
Variable types: 0 continuous, 569 integer (4 binary)
Performing another presolve...
Presolve removed 19 rows and 21 columns
Presolve time: 0.01s

Root relaxation: objective 1.506627e+06, 274 iterations, 0.00 seconds (0.00 work units)

    Nodes    |    Current Node    |     Objective Bounds      |     Work
 Expl Unexpl |  Obj  Depth IntInf | Incumbent    BestBd   Gap | It/Node Time

     0     0 1506626.60    0   56 1507732.50 1506626.60  0.07%     -    0s
H    0     0                    1507625.9200 1506626.60  0.07%     -    0s
     0     0 1506632.43    0   91 1507625.92 1506632.43  0.07%     -    0s
H    0     0                    1507611.9800 1506632.43  0.06%     -    0s
H    0     0                    1507571.0800 1506632.43  0.06%     -    0s
H    0     0                    1507489.6800 1506641.65  0.06%     -    0s
     0     0 1506641.65    0   91 1507489.68 1506641.65  0.06%     -    0s
     0     0 1506641.65    0   79 1507489.68 1506641.65  0.06%     -    0s
     0     0 1506641.65    0   81 1507489.68 1506641.65  0.06%     -    0s
     0     0 1506641.65    0   86 1507489.68 1506641.65  0.06%     -    0s
     0     0 1506644.45    0   87 1507489.68 1506644.45  0.06%     -    0s
     0     0 1506644.45    0   87 1507489.68 1506644.45  0.06%     -    0s
     0     0 1506644.45    0   87 1507489.68 1506644.45  0.06%     -    0s
     0     0 1506644.45    0   83 1507489.68 1506644.45  0.06%     -    0s
     0     2 1506644.45    0   83 1507489.68 1506644.45  0.06%     -    0s
H  161   352                    1507458.8600 1506646.24  0.05%   2.2    0s
H  430   356                    1507442.6800 1506646.24  0.05%   1.5    0s
H 1842  1762                    1507435.0000 1506646.24  0.05%   1.8    1s
H 1843  1762                    1507426.8600 1506646.24  0.05%   1.8    1s
H 1924  2269                    1507426.0200 1506646.24  0.05%   1.8    1s
H 3139  2905                    1507394.5500 1506646.24  0.05%   1.8    1s
H 3141  3460                    1507358.5300 1506646.24  0.05%   1.8    1s
H 5592  5142                    1507300.2300 1506646.28  0.04%   1.7    1s
H 5592  5140                    1507296.9800 1506646.28  0.04%   1.7    1s
H 5592  5001                    1507281.4000 1506646.28  0.04%   1.7    1s
H 5592  5001                    1507280.7200 1506646.28  0.04%   1.7    1s
H 5592  4978                    1507230.7100 1506646.28  0.04%   1.7    1s
H 7107  5439                    1507222.6800 1506646.60  0.04%   1.8    2s
H 7107  5213                    1507217.2100 1506646.60  0.04%   1.8    2s
H 7112  5708                    1507193.2700 1506646.60  0.04%   1.8    2s
H 7817  5270                    1507183.7400 1506646.60  0.04%   1.8    2s
H 7855  6061                    1507143.6200 1506646.60  0.03%   1.8    2s
H 8963  5753                    1507139.8600 1506646.60  0.03%   1.8    2s
H 9122  6343                    1507138.4300 1506646.60  0.03%   1.8    2s
H10834  6608                    1507134.4300 1506646.60  0.03%   1.8    3s
H10991  6811                    1507133.0000 1506646.60  0.03%   1.8    3s
H22451 16738                    1507127.1200 1506646.60  0.03%   1.8    4s
H29703 22690                    1507122.4400 1506646.64  0.03%   1.9    5s
H29705 20479                    1507113.6700 1506646.60  0.03%   1.9    6s
H29717 19463                    1507106.8300 1506646.79  0.03%   1.9    6s
H30128 19017                    1507106.0700 1506646.79  0.03%   1.9    7s
H30206 18066                    1507102.4200 1506646.79  0.03%   1.9    7s
H42947 24732                    1507099.8400 1506646.79  0.03%   1.9    8s
H42975 22689                    1507055.3900 1506646.79  0.03%   1.9    8s
H44926 23538                    1507047.8300 1506646.79  0.03%   1.9    9s
H53363 26270                    1507042.0300 1506646.79  0.03%   1.9    9s
 53564 26133 1506819.42  190   45 1507042.03 1506646.79  0.03%   1.9   10s
H76031 39089                    1507039.3900 1506646.79  0.03%   1.8   12s
H101984 61544                    1507036.3900 1506646.79  0.03%   1.8   14s
H104185 62054                    1507026.9500 1506646.79  0.03%   1.8   14s
 114310 71203 1506906.10  498   41 1507026.95 1506646.79  0.03%   1.8   15s
H114318 70672                    1507026.5200 1506646.79  0.03%   1.8   15s
H114323 66369                    1507005.5300 1506646.79  0.02%   1.8   15s
H122918 73281                    1507003.2700 1506646.79  0.02%   1.8   15s
H123202 73052                    1507002.0500 1506646.79  0.02%   1.8   15s
H123203 72301                    1506992.4500 1506646.79  0.02%   1.8   16s
H136399 82534                    1506988.1000 1506646.79  0.02%   1.8   16s
H138229 83602                    1506986.3200 1506646.79  0.02%   1.8   17s
H148506 86292                    1506971.4800 1506646.79  0.02%   1.8   18s
 167804 104225 1506686.13  145   58 1506971.48 1506646.79  0.02%   1.8   20s
H185770 119421                    1506971.0500 1506646.79  0.02%   1.8   21s
H203540 133566                    1506969.6400 1506646.79  0.02%   1.8   22s
H226886 153115                    1506969.2100 1506646.79  0.02%   1.8   24s
 231033 157802 1506796.04  347   42 1506969.21 1506646.79  0.02%   1.8   25s
H245160 162049                    1506962.1500 1506646.79  0.02%   1.8   26s
H247085 161511                    1506959.4900 1506646.79  0.02%   1.8   26s
H275344 181345                    1506956.1100 1506646.79  0.02%   1.8   28s
H275349 180986                    1506954.6800 1506646.79  0.02%   1.8   28s
 297639 201032 1506804.14  512   40 1506954.68 1506646.79  0.02%   1.8   30s
H306702 205638                    1506953.0000 1506646.79  0.02%   1.8   30s
H317141 206004                    1506946.5500 1506646.79  0.02%   1.8   31s
H350743 231366                    1506944.4700 1506646.79  0.02%   1.8   33s
 372537 252044 1506646.79  104   59 1506944.47 1506646.79  0.02%   1.8   35s
H378884 254320                    1506943.0700 1506646.79  0.02%   1.8   35s
H395801 249019                    1506930.1700 1506646.79  0.02%   1.8   36s
H412393 261796                    1506928.9700 1506646.79  0.02%   1.8   38s
H424362 270938                    1506928.5000 1506646.79  0.02%   1.8   39s
 439344 285009 1506646.79  106   60 1506928.50 1506646.79  0.02%   1.8   40s
 509022 346308 1506775.84  279   43 1506928.50 1506646.79  0.02%   1.8   45s
H547794 351818                    1506918.1800 1506646.79  0.02%   1.9   47s
 574924 376389 1506849.96  400   38 1506918.18 1506646.79  0.02%   1.9   50s
 629669 424169 1506877.76  275   48 1506918.18 1506646.79  0.02%   1.9   55s
H655582 431360                    1506914.5800 1506646.79  0.02%   1.9   56s
 692959 463707 1506793.64  403   39 1506914.58 1506646.79  0.02%   1.9   60s
 764843 526876 1506805.42  387   46 1506914.58 1506646.79  0.02%   1.9   65s
 841895 595070 1506867.02  123   57 1506914.58 1506646.79  0.02%   1.9   70s
 916068 660333     cutoff  294      1506914.58 1506646.79  0.02%   1.9   75s
 954958 691828 1506894.20  691   36 1506914.58 1506646.79  0.02%   1.9   80s
 1025368 752434 1506780.68  126   74 1506914.58 1506646.79  0.02%   1.9   85s
 1098756 816211 1506657.27  158   61 1506914.58 1506646.79  0.02%   1.9   90s
 1180910 886746 1506773.27  234   53 1506914.58 1506646.79  0.02%   1.9   95s
H1180939 833640                    1506909.6100 1506646.79  0.02%   1.9   95s
 1258321 900516 1506675.35  116   63 1506909.61 1506646.79  0.02%   1.9  100s
 1318689 952191 1506803.01  261   45 1506909.61 1506646.79  0.02%   1.9  105s
 1402635 1024236 1506667.16  170   60 1506909.61 1506646.79  0.02%   1.9  110s
H1411720 1016582                    1506908.3200 1506646.79  0.02%   1.9  110s
 1422701 1026069 1506646.79   94   60 1506908.32 1506646.79  0.02%   1.9  115s
H1432986 991025                    1506903.3300 1506646.79  0.02%   1.9  116s
 1485359 1037673 infeasible  644      1506903.33 1506646.79  0.02%   1.9  120s
 1567619 1108310 1506840.99  220   55 1506903.33 1506646.79  0.02%   1.9  125s
 1622631 1155384     cutoff  522      1506903.33 1506646.79  0.02%   1.9  130s
 1686904 1210047 1506800.62  473   50 1506903.33 1506646.79  0.02%   1.9  135s
 1753197 1269134 1506822.17  727   33 1506903.33 1506646.79  0.02%   1.9  140s
H1811927 1234556                    1506896.3500 1506646.79  0.02%   1.9  143s
 1835639 1255690 1506803.72  194   49 1506896.35 1506646.79  0.02%   1.9  145s
 1917508 1326564 1506783.02  171   53 1506896.35 1506646.79  0.02%   1.9  150s
 1986350 1386618 1506682.69  179   53 1506896.35 1506646.79  0.02%   1.9  155s
 2052609 1444717 1506741.47  128   57 1506896.35 1506646.79  0.02%   1.9  160s
 2086306 1472993 1506761.96  390   47 1506896.35 1506646.79  0.02%   1.9  165s
H2087601 1404800                    1506891.1900 1506646.79  0.02%   1.9  165s
 2146374 1456482 1506741.24  371   43 1506891.19 1506646.79  0.02%   1.9  170s
 2214672 1514617 1506804.28  375   39 1506891.19 1506646.79  0.02%   1.9  175s
 2274745 1564935 1506706.52  134   55 1506891.19 1506646.79  0.02%   1.9  180s
H2338971 1579509                    1506888.8700 1506646.79  0.02%   1.9  184s
 2354389 1594356 1506885.39 1106   25 1506888.87 1506646.79  0.02%   1.9  185s
H2401028 1584423                    1506885.5700 1506646.79  0.02%   1.9  188s
 2425066 1605572 1506821.37  400   44 1506885.57 1506646.79  0.02%   1.9  190s
 2484563 1656404 1506881.25  441   37 1506885.57 1506646.79  0.02%   1.9  195s
 2554426 1716579 1506691.83  214   54 1506885.57 1506646.79  0.02%   1.9  200s
H2582315 1685501                    1506881.9300 1506646.79  0.02%   1.9  203s
H2596445 1695952                    1506881.7800 1506646.79  0.02%   1.9  204s
 2598385 1698575 1506814.50  228   48 1506881.78 1506646.79  0.02%   1.9  205s
 2660837 1753336 1506870.42  634   36 1506881.78 1506646.79  0.02%   1.9  210s
 2739589 1822530 1506801.20  216   53 1506881.78 1506646.79  0.02%   1.9  215s
H2771981 1815806                    1506879.7400 1506646.79  0.02%   1.9  218s
H2803823 1821527                    1506878.3300 1506646.79  0.02%   1.9  219s
 2803825 1822391 1506847.50  641   38 1506878.33 1506646.79  0.02%   1.9  220s
H2827548 1836402                    1506877.9000 1506646.79  0.02%   1.9  223s
 2851010 1858151 1506760.42  273   45 1506877.90 1506646.79  0.02%   1.9  225s
H2883345 1767021                    1506870.2200 1506646.79  0.01%   1.9  226s
H2895970 1769369                    1506869.6200 1506646.79  0.01%   1.9  228s
 2920180 1790622 1506838.24  198   43 1506869.62 1506646.79  0.01%   1.9  230s
H2969475 1832004                    1506869.5400 1506646.79  0.01%   1.9  233s
 3003522 1861346 1506854.63  201   48 1506869.54 1506646.79  0.01%   1.8  235s
H3021926 1856548                    1506868.1300 1506646.79  0.01%   1.8  236s
H3054042 1842211                    1506865.2400 1506646.79  0.01%   1.8  238s
 3070691 1856443 1506833.04  452   49 1506865.24 1506646.79  0.01%   1.8  240s
H3070876 1849651                    1506864.7700 1506646.79  0.01%   1.8  240s
H3131608 1836712                    1506860.5700 1506646.79  0.01%   1.8  243s
 3147457 1850725 1506785.56  486   49 1506860.57 1506646.79  0.01%   1.8  245s
 3230467 1922018 1506860.33  461   38 1506860.57 1506646.79  0.01%   1.8  250s
 3252165 1941951 1506850.88  223   47 1506860.57 1506646.79  0.01%   1.8  255s
 3331047 2009870 1506859.65  507   37 1506860.57 1506646.79  0.01%   1.8  260s
 3406834 2076271 1506646.79  149   59 1506860.57 1506646.79  0.01%   1.8  265s
H3490080 2104948                    1506858.4500 1506646.79  0.01%   1.8  270s
 3572958 2177046 1506846.30  258   53 1506858.45 1506646.79  0.01%   1.8  275s
 3654896 2249612 1506704.20  188   52 1506858.45 1506646.79  0.01%   1.8  280s
 3728152 2312320 1506798.42  218   48 1506858.45 1506646.79  0.01%   1.8  285s
 3817162 2389147 1506652.95  164   54 1506858.45 1506646.79  0.01%   1.8  290s
 3888398 2453605 1506801.19  259   46 1506858.45 1506646.79  0.01%   1.8  295s
 3927652 2486737 1506701.34  277   53 1506858.45 1506646.79  0.01%   1.8  300s
 3972426 2527133 1506751.08  165   55 1506858.45 1506646.79  0.01%   1.8  305s
 4047145 2592023 1506787.30  892   40 1506858.45 1506646.79  0.01%   1.8  310s
 4128407 2662349 1506858.18  235   48 1506858.45 1506646.79  0.01%   1.8  315s
 4215836 2735899 1506857.62  491   41 1506858.45 1506646.79  0.01%   1.8  320s
 4301515 2806568 1506799.65  232   48 1506858.45 1506646.79  0.01%   1.8  325s
 4371743 2865536 1506854.79  185   55 1506858.45 1506646.79  0.01%   1.8  330s
 4465910 2945498 1506833.74  163   67 1506858.45 1506646.79  0.01%   1.8  335s
 4508817 2981231 1506759.72  388   51 1506858.45 1506646.79  0.01%   1.8  340s
 4510981 2983296 1506766.76  330   51 1506858.45 1506646.79  0.01%   1.8  345s
 4558324 3024841 1506822.26  197   54 1506858.45 1506646.79  0.01%   1.8  350s
 4630906 3092314 1506677.84  179   57 1506858.45 1506646.79  0.01%   1.8  355s
 4679969 3127256 1506837.58  516   43 1506858.45 1506646.79  0.01%   1.8  360s
 4742586 3181052 1506721.04  233   53 1506858.45 1506646.79  0.01%   1.8  365s
 4817162 3242262 1506744.21  234   44 1506858.45 1506646.79  0.01%   1.8  370s
 4884357 3296371 1506674.49  206   56 1506858.45 1506646.79  0.01%   1.8  375s
 4970534 3370691 1506852.53  575   39 1506858.45 1506646.79  0.01%   1.8  380s
 5032439 3424302 1506844.82  179   47 1506858.45 1506646.79  0.01%   1.8  385s
 5126704 3506415 1506789.48  301   47 1506858.45 1506646.79  0.01%   1.8  390s
 5201430 3571893 1506692.38  429   49 1506858.45 1506646.79  0.01%   1.8  395s
H5218555 3516625                    1506857.0600 1506646.79  0.01%   1.8  398s
 5232200 3529578 1506758.47  238   44 1506857.06 1506646.79  0.01%   1.8  400s
 5283987 3574038 1506725.54  216   49 1506857.06 1506646.79  0.01%   1.8  405s
 5357334 3639209 1506754.29  565   39 1506857.06 1506646.79  0.01%   1.8  410s
 5405889 3681589 1506664.86  215   54 1506857.06 1506646.79  0.01%   1.8  415s
 5455210 3733222 1506763.97  500   32 1506857.06 1506646.79  0.01%   1.8  420s
 5503296 3767520 1506686.45  208   51 1506857.06 1506646.79  0.01%   1.8  425s
 5546730 3805909 1506841.21  392   41 1506857.06 1506646.79  0.01%   1.8  430s
 5602596 3855839 1506819.13  856   32 1506857.06 1506646.79  0.01%   1.8  435s
 5681176 3927190 1506653.79  154   57 1506857.06 1506646.79  0.01%   1.8  440s
 5747115 3985846 1506742.57  320   52 1506857.06 1506646.79  0.01%   1.8  445s
 5808389 4040626 1506737.14  168   57 1506857.06 1506646.79  0.01%   1.8  450s
 5852962 4078488 1506849.21  293   47 1506857.06 1506646.79  0.01%   1.8  455s
 5870866 4095068 1506849.71  246   46 1506857.06 1506646.79  0.01%   1.8  460s
 5935783 4150200 1506790.36  167   52 1506857.06 1506646.79  0.01%   1.8  465s
 6014719 4218744 1506731.80  437   50 1506857.06 1506646.79  0.01%   1.8  470s
 6077613 4272188 1506850.04  306   43 1506857.06 1506646.79  0.01%   1.8  475s
 6162121 4343913 1506792.46  267   44 1506857.06 1506646.79  0.01%   1.8  480s
 6233375 4405072 1506798.16  480   38 1506857.06 1506646.79  0.01%   1.8  485s
 6300311 4462547 1506670.50  227   47 1506857.06 1506646.79  0.01%   1.8  490s
 6375427 4536376 1506844.51  396   34 1506857.06 1506646.79  0.01%   1.8  496s
 6426804 4573394 1506811.71  211   46 1506857.06 1506646.79  0.01%   1.8  500s
 6508553 4644967 1506648.02   99   70 1506857.06 1506646.79  0.01%   1.8  505s
 6570433 4696733 1506833.69  245   48 1506857.06 1506646.79  0.01%   1.8  510s
 6603076 4724256 1506813.17  183   45 1506857.06 1506646.79  0.01%   1.8  515s
 6647108 4761970 1506821.96  296   47 1506857.06 1506646.79  0.01%   1.8  520s
H6700137 4784856                    1506856.7800 1506646.79  0.01%   1.8  524s
 6700140 4785643 1506671.53  207   45 1506856.78 1506646.79  0.01%   1.8  525s
 6761777 4835387 1506785.84  621   36 1506856.78 1506646.79  0.01%   1.8  530s
 6840005 4899496 1506816.65  660   44 1506856.78 1506646.79  0.01%   1.8  535s
 6912075 4960195 1506776.02  272   53 1506856.78 1506646.79  0.01%   1.8  540s
 6977229 5012941 1506710.86  226   57 1506856.78 1506646.79  0.01%   1.8  545s
 7057529 5083040 1506855.74  216   48 1506856.78 1506646.79  0.01%   1.8  550s
 7136340 5149712 1506795.14 1097   38 1506856.78 1506646.79  0.01%   1.8  555s
 7203188 5205708 1506726.86  126   52 1506856.78 1506646.79  0.01%   1.8  560s
 7270878 5262561 1506856.15  322   37 1506856.78 1506646.79  0.01%   1.8  565s
 7286259 5273994 1506763.65  230   51 1506856.78 1506646.79  0.01%   1.8  570s
 7297393 5282982 1506691.13  143   62 1506856.78 1506646.79  0.01%   1.8  575s
 7351340 5329592 1506774.28  605   29 1506856.78 1506646.79  0.01%   1.8  580s
 7411711 5381278 1506768.53  167   62 1506856.78 1506646.79  0.01%   1.8  585s
 7479544 5438991 1506782.60  543   47 1506856.78 1506646.79  0.01%   1.8  590s
 7542936 5493572 1506701.33  475   43 1506856.78 1506646.79  0.01%   1.8  595s
 7596363 5537670 1506702.01  176   56 1506856.78 1506646.79  0.01%   1.8  600s
 7672050 5598996 1506732.94  365   41 1506856.78 1506646.79  0.01%   1.8  605s
 7739475 5655246 1506772.53  210   49 1506856.78 1506646.79  0.01%   1.8  610s
 7806688 5707725 1506856.36  239   43 1506856.78 1506646.79  0.01%   1.8  615s
 7874720 5764252 1506768.32  360   47 1506856.78 1506646.79  0.01%   1.8  620s
 7938331 5816362 1506837.57  525   46 1506856.78 1506646.79  0.01%   1.8  625s
 7997999 5866227 1506653.79  179   54 1506856.78 1506646.79  0.01%   1.8  630s
 8066764 5920089     cutoff  198      1506856.78 1506646.79  0.01%   1.8  635s
 8139674 5979383 1506653.16  205   56 1506856.78 1506646.79  0.01%   1.8  640s
 8200054 6029927 1506682.10  199   50 1506856.78 1506646.79  0.01%   1.8  645s
 8260911 6080435 1506849.73  222   48 1506856.78 1506646.79  0.01%   1.8  650s
 8323196 6132347 1506740.10  238   53 1506856.78 1506646.79  0.01%   1.8  655s
 8378635 6179302 1506698.89  263   45 1506856.78 1506646.79  0.01%   1.8  660s
 8435258 6226599 1506689.66  186   54 1506856.78 1506646.79  0.01%   1.8  665s
 8506946 6285027 1506853.39  261   49 1506856.78 1506646.79  0.01%   1.8  670s
 8562669 6333952 1506815.32  202   49 1506856.78 1506646.79  0.01%   1.8  675s
 8614811 6375175 1506766.82  298   53 1506856.78 1506646.79  0.01%   1.8  680s
 8651111 6406239 1506791.93  248   49 1506856.78 1506646.79  0.01%   1.8  685s
 8679046 6431209 1506707.56  229   45 1506856.78 1506646.79  0.01%   1.8  690s
 8722882 6466552 1506792.90  278   44 1506856.78 1506646.79  0.01%   1.8  695s
 8788619 6521813 1506840.08  274   45 1506856.78 1506646.79  0.01%   1.8  700s
 8820096 6548986 1506701.51  194   47 1506856.78 1506646.79  0.01%   1.8  705s
 8867524 6588100 1506848.45  332   46 1506856.78 1506646.79  0.01%   1.8  710s
H8871321 5838343                    1506847.1000 1506646.79  0.01%   1.8  736s
 8901707 5863966 1506838.47  242   54 1506847.10 1506646.79  0.01%   1.8  740s
 8917180 5876728 1506788.04  209   52 1506847.10 1506646.79  0.01%   1.8  745s
H8959732 4924551                    1506826.4500 1506646.79  0.01%   1.8  804s
 8966544 4930043 1506826.13  373   40 1506826.45 1506646.79  0.01%   1.8  805s
 8998895 4954575 1506801.68  349   48 1506826.45 1506646.79  0.01%   1.8  810s
 9005552 4959747 1506804.34  248   53 1506826.45 1506646.79  0.01%   1.8  815s
 9051675 4997232 1506766.33  245   49 1506826.45 1506646.79  0.01%   1.8  820s
 9067934 5010789 1506666.29  188   56 1506826.45 1506646.79  0.01%   1.8  825s
 9095559 5033594 1506766.61  398   42 1506826.45 1506646.79  0.01%   1.8  830s
 9112747 5046624 1506766.09  285   59 1506826.45 1506646.79  0.01%   1.8  835s
 9113052 5046874 1506785.13  300   55 1506826.45 1506646.79  0.01%   1.8  840s
 9113219 5047021 1506762.70  203   54 1506826.45 1506646.79  0.01%   1.8  845s
 9124111 5055789 1506799.25  430   46 1506826.45 1506646.79  0.01%   1.8  850s
 9134784 5064941 1506720.90  235   58 1506826.45 1506646.79  0.01%   1.8  855s
 9145771 5074894 1506653.79  189   55 1506826.45 1506646.79  0.01%   1.8  860s
 9200504 5117932 1506743.95  791   37 1506826.45 1506646.79  0.01%   1.8  865s
 9226217 5141563 1506653.46  190   52 1506826.45 1506646.79  0.01%   1.8  870s
 9286043 5191765 1506735.37  195   49 1506826.45 1506646.79  0.01%   1.8  875s
 9311433 5213563 1506797.91  387   47 1506826.45 1506646.79  0.01%   1.8  880s
 9352327 5246638 1506788.27  263   47 1506826.45 1506646.79  0.01%   1.8  885s
H9353308 4990471                    1506821.2500 1506646.79  0.01%   1.8  904s
 9358520 4995251 1506821.02  427   47 1506821.25 1506646.79  0.01%   1.8  905s
 9404695 5035719 1506808.69  583   39 1506821.25 1506646.79  0.01%   1.8  910s
 9409931 5040668 1506717.83  255   48 1506821.25 1506646.79  0.01%   1.8  915s
 9453335 5076233 1506774.42  626   33 1506821.25 1506646.79  0.01%   1.8  920s
 9485712 5102905 1506816.95  230   47 1506821.25 1506646.79  0.01%   1.8  925s
 9496155 5110946 1506808.00  259   51 1506821.25 1506646.79  0.01%   1.8  930s
 9538310 5145506 1506702.58  255   48 1506821.25 1506646.79  0.01%   1.8  935s
 9578920 5181175 1506806.99  244   47 1506821.25 1506646.79  0.01%   1.8  940s
 9626758 5221632 1506757.92  386   42 1506821.25 1506646.79  0.01%   1.8  945s
 9679503 5267141 1506800.53  416   48 1506821.25 1506646.79  0.01%   1.8  950s
 9691432 5276909 1506667.87  218   53 1506821.25 1506646.79  0.01%   1.8  955s
 9710738 5293571 1506793.83  207   49 1506821.25 1506646.79  0.01%   1.8  960s
 9739913 5317279 1506718.85  158   54 1506821.25 1506646.79  0.01%   1.8  965s
 9764918 5338796 1506812.77  560   38 1506821.25 1506646.79  0.01%   1.8  970s
 9786432 5355585 1506646.79  117   64 1506821.25 1506646.79  0.01%   1.8  975s
 9829033 5391123 1506733.97  195   55 1506821.25 1506646.79  0.01%   1.8  980s
 9857752 5415141     cutoff  190      1506821.25 1506646.79  0.01%   1.8  985s
 9919828 5464292 1506798.95  287   49 1506821.25 1506646.79  0.01%   1.8  990s
 9947004 5486463 1506761.20  178   51 1506821.25 1506646.79  0.01%   1.8  995s
 9982012 5513558 1506819.54  306   46 1506821.25 1506646.79  0.01%   1.8 1000s
 10026883 5549737 1506806.06  376   46 1506821.25 1506646.79  0.01%   1.8 1005s
 10072283 5587422 1506775.08  282   49 1506821.25 1506646.79  0.01%   1.8 1010s
 10092494 5604403 1506793.08  871   41 1506821.25 1506646.79  0.01%   1.8 1015s
 10120315 5625864 1506781.12  287   51 1506821.25 1506646.79  0.01%   1.8 1020s
 10144286 5646001 1506688.04  162   52 1506821.25 1506646.79  0.01%   1.8 1025s
 10179124 5673959 1506736.24  199   54 1506821.25 1506646.79  0.01%   1.8 1030s
 10212872 5699503 1506721.05  127   58 1506821.25 1506646.79  0.01%   1.8 1035s
 10242825 5723219 1506775.37  303   46 1506821.25 1506646.79  0.01%   1.8 1040s
 10284567 5757632 1506797.46  209   50 1506821.25 1506646.79  0.01%   1.8 1045s
 10314750 5783019 1506765.33  623   47 1506821.25 1506646.79  0.01%   1.8 1050s
 10355083 5814336 1506755.46  387   41 1506821.25 1506646.79  0.01%   1.8 1055s
 10388666 5841348 1506730.21  243   54 1506821.25 1506646.79  0.01%   1.8 1060s
 10435173 5877923 1506797.90  368   49 1506821.25 1506646.79  0.01%   1.8 1065s
H10436946 5837004                    1506820.6900 1506646.79  0.01%   1.8 1106s
 10455281 5852163 1506809.87  405   42 1506820.69 1506646.79  0.01%   1.8 1110s
 10497785 5886806 1506784.02  239   53 1506820.69 1506646.79  0.01%   1.8 1115s
 10535178 5915653 1506802.46  740   39 1506820.69 1506646.79  0.01%   1.8 1120s
H10589157 5800281                    1506818.3900 1506646.79  0.01%   1.8 1137s

Cutting planes:
  Gomory: 24
  MIR: 76
  StrongCG: 34
  Mod-K: 2

Explored 10593367 nodes (19257208 simplex iterations) in 1138.52 seconds (308.19 work units)
Thread count was 8 (of 8 available processors)

Solution count 10: 1.50682e+06 1.50682e+06 1.50682e+06 ... 1.50686e+06

Solve interrupted
Best objective 1.506818390000e+06, best bound 1.506646790000e+06, gap 0.0114%
